# JRE version: OpenJDK Runtime Environment (8.0_202-b03) (build 1.8.0_202-release-1483-b03)
# Java VM: OpenJDK 64-Bit Server VM (25.202-b03 mixed mode windows-amd64 compressed oops)
Heap:
 PSYoungGen      total 247808K, used 88809K [0x00000000e0000000, 0x00000000f5a00000, 0x0000000100000000)
  eden space 202240K, 43% used [0x00000000e0000000,0x00000000e56ba4c0,0x00000000ec580000)
  from space 45568K, 0% used [0x00000000ec580000,0x00000000ec580000,0x00000000ef200000)
  to   space 60416K, 0% used [0x00000000f1f00000,0x00000000f1f00000,0x00000000f5a00000)
 ParOldGen       total 137728K, used 115895K [0x00000000a0000000, 0x00000000a8680000, 0x00000000e0000000)
  object space 137728K, 84% used [0x00000000a0000000,0x00000000a712dd50,0x00000000a8680000)
 Metaspace       used 90453K, capacity 93666K, committed 95360K, reserved 1132544K
  class space    used 11601K, capacity 12265K, committed 12672K, reserved 1048576K
GC Heap History (10 events):
Event: 1690.639 GC heap before
{Heap before GC invocations=19 (full 3):
 PSYoungGen      total 207872K, used 207761K [0x00000000e0000000, 0x00000000ee800000, 0x0000000100000000)
  eden space 186368K, 100% used [0x00000000e0000000,0x00000000eb600000,0x00000000eb600000)
  from space 21504K, 99% used [0x00000000ebc00000,0x00000000ed0e46a8,0x00000000ed100000)
  to   space 23552K, 0% used [0x00000000ed100000,0x00000000ed100000,0x00000000ee800000)
 ParOldGen       total 137728K, used 46357K [0x00000000a0000000, 0x00000000a8680000, 0x00000000e0000000)
  object space 137728K, 33% used [0x00000000a0000000,0x00000000a2d456e0,0x00000000a8680000)
 Metaspace       used 80321K, capacity 83394K, committed 83584K, reserved 1122304K
  class space    used 10350K, capacity 11013K, committed 11136K, reserved 1048576K
Event: 1690.800 GC heap after
Heap after GC invocations=19 (full 3):
 PSYoungGen      total 204288K, used 23525K [0x00000000e0000000, 0x00000000eef80000, 0x0000000100000000)
  eden space 180736K, 0% used [0x00000000e0000000,0x00000000e0000000,0x00000000eb080000)
  from space 23552K, 99% used [0x00000000ed100000,0x00000000ee7f9668,0x00000000ee800000)
  to   space 32256K, 0% used [0x00000000eb080000,0x00000000eb080000,0x00000000ed000000)
 ParOldGen       total 137728K, used 55537K [0x00000000a0000000, 0x00000000a8680000, 0x00000000e0000000)
  object space 137728K, 40% used [0x00000000a0000000,0x00000000a363c770,0x00000000a8680000)
 Metaspace       used 80321K, capacity 83394K, committed 83584K, reserved 1122304K
  class space    used 10350K, capacity 11013K, committed 11136K, reserved 1048576K
}
Event: 1708.697 GC heap before
{Heap before GC invocations=20 (full 3):
 PSYoungGen      total 204288K, used 204261K [0x00000000e0000000, 0x00000000eef80000, 0x0000000100000000)
  eden space 180736K, 100% used [0x00000000e0000000,0x00000000eb080000,0x00000000eb080000)
  from space 23552K, 99% used [0x00000000ed100000,0x00000000ee7f9668,0x00000000ee800000)
  to   space 32256K, 0% used [0x00000000eb080000,0x00000000eb080000,0x00000000ed000000)
 ParOldGen       total 137728K, used 55537K [0x00000000a0000000, 0x00000000a8680000, 0x00000000e0000000)
  object space 137728K, 40% used [0x00000000a0000000,0x00000000a363c770,0x00000000a8680000)
 Metaspace       used 82895K, capacity 85974K, committed 86272K, reserved 1124352K
  class space    used 10557K, capacity 11209K, committed 11264K, reserved 1048576K
Event: 1709.063 GC heap after
Heap after GC invocations=20 (full 3):
 PSYoungGen      total 212992K, used 32236K [0x00000000e0000000, 0x00000000f1d80000, 0x0000000100000000)
  eden space 180736K, 0% used [0x00000000e0000000,0x00000000e0000000,0x00000000eb080000)
  from space 32256K, 99% used [0x00000000eb080000,0x00000000ecffb208,0x00000000ed000000)
  to   space 44544K, 0% used [0x00000000ef200000,0x00000000ef200000,0x00000000f1d80000)
 ParOldGen       total 137728K, used 75872K [0x00000000a0000000, 0x00000000a8680000, 0x00000000e0000000)
  object space 137728K, 55% used [0x00000000a0000000,0x00000000a4a18348,0x00000000a8680000)
 Metaspace       used 82895K, capacity 85974K, committed 86272K, reserved 1124352K
  class space    used 10557K, capacity 11209K, committed 11264K, reserved 1048576K
}
Event: 1719.236 GC heap before
{Heap before GC invocations=21 (full 3):
 PSYoungGen      total 212992K, used 212936K [0x00000000e0000000, 0x00000000f1d80000, 0x0000000100000000)
  eden space 180736K, 99% used [0x00000000e0000000,0x00000000eb076fa0,0x00000000eb080000)
  from space 32256K, 99% used [0x00000000eb080000,0x00000000ecffb208,0x00000000ed000000)
  to   space 44544K, 0% used [0x00000000ef200000,0x00000000ef200000,0x00000000f1d80000)
 ParOldGen       total 137728K, used 75872K [0x00000000a0000000, 0x00000000a8680000, 0x00000000e0000000)
  object space 137728K, 55% used [0x00000000a0000000,0x00000000a4a18348,0x00000000a8680000)
 Metaspace       used 89945K, capacity 93850K, committed 94080K, reserved 1130496K
  class space    used 11597K, capacity 12393K, committed 12416K, reserved 1048576K
Event: 1719.469 GC heap after
Heap after GC invocations=21 (full 3):
 PSYoungGen      total 246784K, used 26720K [0x00000000e0000000, 0x00000000f2400000, 0x0000000100000000)
  eden space 202240K, 0% used [0x00000000e0000000,0x00000000e0000000,0x00000000ec580000)
  from space 44544K, 59% used [0x00000000ef200000,0x00000000f0c182a8,0x00000000f1d80000)
  to   space 45568K, 0% used [0x00000000ec580000,0x00000000ec580000,0x00000000ef200000)
 ParOldGen       total 137728K, used 105189K [0x00000000a0000000, 0x00000000a8680000, 0x00000000e0000000)
  object space 137728K, 76% used [0x00000000a0000000,0x00000000a66b9708,0x00000000a8680000)
 Metaspace       used 89945K, capacity 93850K, committed 94080K, reserved 1130496K
  class space    used 11597K, capacity 12393K, committed 12416K, reserved 1048576K
}
Event: 1738.600 GC heap before
{Heap before GC invocations=22 (full 3):
 PSYoungGen      total 246784K, used 228802K [0x00000000e0000000, 0x00000000f2400000, 0x0000000100000000)
  eden space 202240K, 99% used [0x00000000e0000000,0x00000000ec558620,0x00000000ec580000)
  from space 44544K, 59% used [0x00000000ef200000,0x00000000f0c182a8,0x00000000f1d80000)
  to   space 45568K, 0% used [0x00000000ec580000,0x00000000ec580000,0x00000000ef200000)
 ParOldGen       total 137728K, used 105189K [0x00000000a0000000, 0x00000000a8680000, 0x00000000e0000000)
  object space 137728K, 76% used [0x00000000a0000000,0x00000000a66b9708,0x00000000a8680000)
 Metaspace       used 91193K, capacity 95166K, committed 95360K, reserved 1132544K
  class space    used 11765K, capacity 12557K, committed 12672K, reserved 1048576K
Event: 1738.931 GC heap after
Heap after GC invocations=22 (full 3):
 PSYoungGen      total 247808K, used 45544K [0x00000000e0000000, 0x00000000f5a00000, 0x0000000100000000)
  eden space 202240K, 0% used [0x00000000e0000000,0x00000000e0000000,0x00000000ec580000)
  from space 45568K, 99% used [0x00000000ec580000,0x00000000ef1fa380,0x00000000ef200000)
  to   space 60416K, 0% used [0x00000000f1f00000,0x00000000f1f00000,0x00000000f5a00000)
 ParOldGen       total 137728K, used 125981K [0x00000000a0000000, 0x00000000a8680000, 0x00000000e0000000)
  object space 137728K, 91% used [0x00000000a0000000,0x00000000a7b074b0,0x00000000a8680000)
 Metaspace       used 91193K, capacity 95166K, committed 95360K, reserved 1132544K
  class space    used 11765K, capacity 12557K, committed 12672K, reserved 1048576K
}
Event: 1738.931 GC heap before
{Heap before GC invocations=23 (full 4):
 PSYoungGen      total 247808K, used 45544K [0x00000000e0000000, 0x00000000f5a00000, 0x0000000100000000)
  eden space 202240K, 0% used [0x00000000e0000000,0x00000000e0000000,0x00000000ec580000)
  from space 45568K, 99% used [0x00000000ec580000,0x00000000ef1fa380,0x00000000ef200000)
  to   space 60416K, 0% used [0x00000000f1f00000,0x00000000f1f00000,0x00000000f5a00000)
 ParOldGen       total 137728K, used 125981K [0x00000000a0000000, 0x00000000a8680000, 0x00000000e0000000)
  object space 137728K, 91% used [0x00000000a0000000,0x00000000a7b074b0,0x00000000a8680000)
 Metaspace       used 91193K, capacity 95166K, committed 95360K, reserved 1132544K
  class space    used 11765K, capacity 12557K, committed 12672K, reserved 1048576K
Event: 1741.054 GC heap after
Heap after GC invocations=23 (full 4):
 PSYoungGen      total 247808K, used 0K [0x00000000e0000000, 0x00000000f5a00000, 0x0000000100000000)
  eden space 202240K, 0% used [0x00000000e0000000,0x00000000e0000000,0x00000000ec580000)
  from space 45568K, 0% used [0x00000000ec580000,0x00000000ec580000,0x00000000ef200000)
  to   space 60416K, 0% used [0x00000000f1f00000,0x00000000f1f00000,0x00000000f5a00000)
 ParOldGen       total 137728K, used 115895K [0x00000000a0000000, 0x00000000a8680000, 0x00000000e0000000)
  object space 137728K, 84% used [0x00000000a0000000,0x00000000a712dd50,0x00000000a8680000)
 Metaspace       used 90396K, capacity 93666K, committed 95360K, reserved 1132544K
  class space    used 11601K, capacity 12265K, committed 12672K, reserved 1048576K
}

